0 info it worked if it ends with ok
1 verbose cli [ 'C:\\Program Files\\nodejs\\node.exe',
1 verbose cli   'C:\\Program Files\\nodejs\\node_modules\\npm\\bin\\npm-cli.js',
1 verbose cli   'install',
1 verbose cli   'should',
1 verbose cli   '--save' ]
2 info using npm@4.0.5
3 info using node@v7.4.0
4 silly loadCurrentTree Starting
5 silly install loadCurrentTree
6 silly install readLocalPackageData
7 silly fetchPackageMetaData should
8 silly fetchNamedPackageData should
9 silly mapToRegistry name should
10 silly mapToRegistry using default registry
11 silly mapToRegistry registry https://registry.npmjs.org/
12 silly mapToRegistry data Result {
12 silly mapToRegistry   raw: 'should',
12 silly mapToRegistry   scope: null,
12 silly mapToRegistry   escapedName: 'should',
12 silly mapToRegistry   name: 'should',
12 silly mapToRegistry   rawSpec: '',
12 silly mapToRegistry   spec: 'latest',
12 silly mapToRegistry   type: 'tag' }
13 silly mapToRegistry uri https://registry.npmjs.org/should
14 verbose request uri https://registry.npmjs.org/should
15 verbose request no auth needed
16 info attempt registry request try #1 at 10:35:48
17 verbose request id a76211cb647a2dc4
18 http request GET https://registry.npmjs.org/should
19 info retry will retry, error on last attempt: Error: unable to verify the first certificate
20 info attempt registry request try #2 at 10:35:59
21 http request GET https://registry.npmjs.org/should
22 info retry will retry, error on last attempt: Error: unable to verify the first certificate
23 info attempt registry request try #3 at 10:37:00
24 http request GET https://registry.npmjs.org/should
25 silly fetchPackageMetaData Error: unable to verify the first certificate
25 silly fetchPackageMetaData     at TLSSocket.<anonymous> (_tls_wrap.js:1085:38)
25 silly fetchPackageMetaData     at emitNone (events.js:86:13)
25 silly fetchPackageMetaData     at TLSSocket.emit (events.js:185:7)
25 silly fetchPackageMetaData     at TLSSocket._finishInit (_tls_wrap.js:603:8)
25 silly fetchPackageMetaData     at TLSWrap.ssl.onhandshakedone (_tls_wrap.js:433:38)
25 silly fetchPackageMetaData  error for should { Error: unable to verify the first certificate
25 silly fetchPackageMetaData     at TLSSocket.<anonymous> (_tls_wrap.js:1085:38)
25 silly fetchPackageMetaData     at emitNone (events.js:86:13)
25 silly fetchPackageMetaData     at TLSSocket.emit (events.js:185:7)
25 silly fetchPackageMetaData     at TLSSocket._finishInit (_tls_wrap.js:603:8)
25 silly fetchPackageMetaData     at TLSWrap.ssl.onhandshakedone (_tls_wrap.js:433:38) code: 'UNABLE_TO_VERIFY_LEAF_SIGNATURE' }
26 silly rollbackFailedOptional Starting
27 silly rollbackFailedOptional Finishing
28 silly runTopLevelLifecycles Finishing
29 silly install printInstalled
30 verbose stack Error: unable to verify the first certificate
30 verbose stack     at TLSSocket.<anonymous> (_tls_wrap.js:1085:38)
30 verbose stack     at emitNone (events.js:86:13)
30 verbose stack     at TLSSocket.emit (events.js:185:7)
30 verbose stack     at TLSSocket._finishInit (_tls_wrap.js:603:8)
30 verbose stack     at TLSWrap.ssl.onhandshakedone (_tls_wrap.js:433:38)
31 verbose cwd F:\github\nodejsApi\nodejs建站
32 error Windows_NT 6.1.7601
33 error argv "C:\\Program Files\\nodejs\\node.exe" "C:\\Program Files\\nodejs\\node_modules\\npm\\bin\\npm-cli.js" "install" "should" "--save"
34 error node v7.4.0
35 error npm  v4.0.5
36 error code UNABLE_TO_VERIFY_LEAF_SIGNATURE
37 error unable to verify the first certificate
38 error If you need help, you may report this error at:
38 error     <https://github.com/npm/npm/issues>
39 verbose exit [ 1, true ]
